2026-02-10 09:05:08 Loaded main app package /usr/lib/obsidian/obsidian.asar
2026-02-10 09:05:08 Checking for update using Github
2026-02-10 09:05:09 Success.
2026-02-10 09:05:09 Latest version is 1.11.7
2026-02-10 09:05:09 App is up to date.
2026-02-10 10:05:13 Checking for update using Github
2026-02-10 10:05:13 Success.
2026-02-10 10:05:13 Latest version is 1.11.7
2026-02-10 10:05:13 App is up to date.
2026-02-10 11:05:13 Checking for update using Github
2026-02-10 11:05:13 Success.
2026-02-10 11:05:13 Latest version is 1.11.7
2026-02-10 11:05:13 App is up to date.
2026-02-10 12:37:46 Loaded main app package /usr/lib/obsidian/obsidian.asar
2026-02-10 12:37:46 Checking for update using Github
2026-02-10 12:37:46 Success.
2026-02-10 12:37:46 Latest version is 1.11.7
2026-02-10 12:37:46 App is up to date.
2026-02-10 13:30:37 Loaded main app package /usr/lib/obsidian/obsidian.asar
2026-02-10 13:30:37 Checking for update using Github
2026-02-10 13:37:50 Checking for update using Github
2026-02-10 13:37:50 Success.
2026-02-10 13:37:50 Latest version is 1.11.7
2026-02-10 13:37:50 App is up to date.
2026-02-10 15:00:50 Checking for update using Github
2026-02-10 15:00:50 Success.
2026-02-10 15:00:50 Latest version is 1.11.7
2026-02-10 15:00:50 App is up to date.
2026-02-10 16:25:21 Checking for update using Github
2026-02-10 16:25:21 Success.
2026-02-10 16:25:21 Latest version is 1.11.7
2026-02-10 16:25:21 App is up to date.
2026-02-10 17:25:21 Checking for update using Github
2026-02-10 17:25:21 Success.
2026-02-10 17:25:21 Latest version is 1.11.7
2026-02-10 17:25:21 App is up to date.
2026-02-10 18:25:21 Checking for update using Github
2026-02-10 18:25:21 Success.
2026-02-10 18:25:21 Latest version is 1.11.7
2026-02-10 18:25:21 App is up to date.
2026-02-10 19:25:21 Checking for update using Github
2026-02-10 19:25:21 Success.
2026-02-10 19:25:21 Latest version is 1.11.7
2026-02-10 19:25:21 App is up to date.
2026-02-10 20:25:21 Checking for update using Github
2026-02-10 20:25:21 Success.
2026-02-10 20:25:21 Latest version is 1.11.7
2026-02-10 20:25:21 App is up to date.
2026-02-10 21:25:21 Checking for update using Github
2026-02-10 21:25:21 Success.
2026-02-10 21:25:21 Latest version is 1.11.7
2026-02-10 21:25:21 App is up to date.
2026-02-11 15:44:04 Loaded main app package /usr/lib/obsidian/obsidian.asar
2026-02-11 15:44:04 Checking for update using Github
2026-02-11 15:44:04 Success.
2026-02-11 15:44:04 Latest version is 1.11.7
2026-02-11 15:44:04 App is up to date.
2026-02-11 16:44:05 Checking for update using Github
2026-02-11 16:44:05 Success.
2026-02-11 16:44:05 Latest version is 1.11.7
2026-02-11 16:44:05 App is up to date.
2026-02-11 17:03:02 Loaded main app package /usr/lib/obsidian/obsidian.asar
2026-02-11 17:03:02 Checking for update using Github
2026-02-13 20:36:38 Loaded main app package /usr/lib/obsidian/obsidian.asar
2026-02-13 20:36:38 Checking for update using Github
2026-02-13 20:36:38 Success.
2026-02-13 20:36:38 Latest version is 1.11.7
2026-02-13 20:36:38 App is up to date.
